1700148436.304908 client started (9790): version 3.3a, socket /tmp/tmux-1000/default, protocol 8
1700148436.304948 on Linux 6.5.11_1 #1 SMP PREEMPT_DYNAMIC Fri Nov 10 16:34:34 UTC 2023
1700148436.304960 using libevent 2.1.12-stable (poll); ncurses 6.3
1700148436.304996 flags are 0x18010000
1700148436.305007 socket is /tmp/tmux-1000/default
1700148436.305024 trying connect
1700148436.305130 connect failed: Connection refused
1700148436.305159 lock file is /tmp/tmux-1000/default.lock
1700148436.305201 flock succeeded
1700148436.305210 got lock (6)
1700148436.305224 trying connect
1700148436.305243 connect failed: Connection refused
1700148436.305868 add peer 0x55b716e52150: 7 ((nil))
1700148436.307557 sending message 100 to peer 0x55b716e52150 (4 bytes)
1700148436.307584 sending message 111 to peer 0x55b716e52150 (8 bytes)
1700148436.307603 sending message 101 to peer 0x55b716e52150 (12 bytes)
1700148436.307620 sending message 109 to peer 0x55b716e52150 (4 bytes)
1700148436.307637 sending message 102 to peer 0x55b716e52150 (11 bytes)
1700148436.307656 sending message 108 to peer 0x55b716e52150 (33 bytes)
1700148436.307674 sending message 112 to peer 0x55b716e52150 (70 bytes)
1700148436.307692 sending message 112 to peer 0x55b716e52150 (5 bytes)
1700148436.307711 sending message 112 to peer 0x55b716e52150 (6 bytes)
1700148436.307730 sending message 112 to peer 0x55b716e52150 (6 bytes)
1700148436.307748 sending message 112 to peer 0x55b716e52150 (11 bytes)
1700148436.307767 sending message 112 to peer 0x55b716e52150 (10 bytes)
1700148436.307785 sending message 112 to peer 0x55b716e52150 (13 bytes)
1700148436.307803 sending message 112 to peer 0x55b716e52150 (14 bytes)
1700148436.307821 sending message 112 to peer 0x55b716e52150 (19 bytes)
1700148436.307840 sending message 112 to peer 0x55b716e52150 (11 bytes)
1700148436.307859 sending message 112 to peer 0x55b716e52150 (21 bytes)
1700148436.307877 sending message 112 to peer 0x55b716e52150 (13 bytes)
1700148436.307894 sending message 112 to peer 0x55b716e52150 (7 bytes)
1700148436.308371 sending message 112 to peer 0x55b716e52150 (13 bytes)
1700148436.308395 sending message 112 to peer 0x55b716e52150 (7 bytes)
1700148436.308414 sending message 112 to peer 0x55b716e52150 (13 bytes)
1700148436.308433 sending message 112 to peer 0x55b716e52150 (9 bytes)
1700148436.308451 sending message 112 to peer 0x55b716e52150 (21 bytes)
1700148436.308469 sending message 112 to peer 0x55b716e52150 (13 bytes)
1700148436.308487 sending message 112 to peer 0x55b716e52150 (9 bytes)
1700148436.308505 sending message 112 to peer 0x55b716e52150 (13 bytes)
1700148436.308523 sending message 112 to peer 0x55b716e52150 (13 bytes)
1700148436.308542 sending message 112 to peer 0x55b716e52150 (9 bytes)
1700148436.308560 sending message 112 to peer 0x55b716e52150 (9 bytes)
1700148436.308579 sending message 112 to peer 0x55b716e52150 (12 bytes)
1700148436.308597 sending message 112 to peer 0x55b716e52150 (8 bytes)
1700148436.308616 sending message 112 to peer 0x55b716e52150 (13 bytes)
1700148436.308635 sending message 112 to peer 0x55b716e52150 (7 bytes)
1700148436.308653 sending message 112 to peer 0x55b716e52150 (7 bytes)
1700148436.308671 sending message 112 to peer 0x55b716e52150 (9 bytes)
1700148436.308689 sending message 112 to peer 0x55b716e52150 (10 bytes)
1700148436.308707 sending message 112 to peer 0x55b716e52150 (6 bytes)
1700148436.308725 sending message 112 to peer 0x55b716e52150 (9 bytes)
1700148436.308751 sending message 112 to peer 0x55b716e52150 (15 bytes)
1700148436.308767 sending message 112 to peer 0x55b716e52150 (13 bytes)
1700148436.308784 sending message 112 to peer 0x55b716e52150 (12 bytes)
1700148436.308800 sending message 112 to peer 0x55b716e52150 (8 bytes)
1700148436.308854 sending message 112 to peer 0x55b716e52150 (14 bytes)
1700148436.308875 sending message 112 to peer 0x55b716e52150 (11 bytes)
1700148436.308892 sending message 112 to peer 0x55b716e52150 (9 bytes)
1700148436.308909 sending message 112 to peer 0x55b716e52150 (10 bytes)
1700148436.308925 sending message 112 to peer 0x55b716e52150 (10 bytes)
1700148436.308956 sending message 112 to peer 0x55b716e52150 (10 bytes)
1700148436.308973 sending message 112 to peer 0x55b716e52150 (10 bytes)
1700148436.309037 sending message 112 to peer 0x55b716e52150 (11 bytes)
1700148436.309056 sending message 112 to peer 0x55b716e52150 (11 bytes)
1700148436.309072 sending message 112 to peer 0x55b716e52150 (10 bytes)
1700148436.309088 sending message 112 to peer 0x55b716e52150 (12 bytes)
1700148436.309104 sending message 112 to peer 0x55b716e52150 (8 bytes)
1700148436.309121 sending message 112 to peer 0x55b716e52150 (11 bytes)
1700148436.309137 sending message 112 to peer 0x55b716e52150 (11 bytes)
1700148436.309154 sending message 112 to peer 0x55b716e52150 (11 bytes)
1700148436.309171 sending message 112 to peer 0x55b716e52150 (12 bytes)
1700148436.309187 sending message 112 to peer 0x55b716e52150 (12 bytes)
1700148436.309288 sending message 112 to peer 0x55b716e52150 (12 bytes)
1700148436.309304 sending message 112 to peer 0x55b716e52150 (12 bytes)
1700148436.309320 sending message 112 to peer 0x55b716e52150 (13 bytes)
1700148436.309337 sending message 112 to peer 0x55b716e52150 (13 bytes)
1700148436.309353 sending message 112 to peer 0x55b716e52150 (13 bytes)
1700148436.309370 sending message 112 to peer 0x55b716e52150 (8 bytes)
1700148436.309386 sending message 112 to peer 0x55b716e52150 (13 bytes)
1700148436.309403 sending message 112 to peer 0x55b716e52150 (13 bytes)
1700148436.309419 sending message 112 to peer 0x55b716e52150 (13 bytes)
1700148436.309436 sending message 112 to peer 0x55b716e52150 (13 bytes)
1700148436.309453 sending message 112 to peer 0x55b716e52150 (13 bytes)
1700148436.309470 sending message 112 to peer 0x55b716e52150 (12 bytes)
1700148436.309486 sending message 112 to peer 0x55b716e52150 (12 bytes)
1700148436.309502 sending message 112 to peer 0x55b716e52150 (12 bytes)
1700148436.309517 sending message 112 to peer 0x55b716e52150 (12 bytes)
1700148436.309534 sending message 112 to peer 0x55b716e52150 (13 bytes)
1700148436.309550 sending message 112 to peer 0x55b716e52150 (8 bytes)
1700148436.309567 sending message 112 to peer 0x55b716e52150 (13 bytes)
1700148436.309583 sending message 112 to peer 0x55b716e52150 (13 bytes)
1700148436.309600 sending message 112 to peer 0x55b716e52150 (13 bytes)
1700148436.309617 sending message 112 to peer 0x55b716e52150 (13 bytes)
1700148436.309634 sending message 112 to peer 0x55b716e52150 (13 bytes)
1700148436.309650 sending message 112 to peer 0x55b716e52150 (13 bytes)
1700148436.309666 sending message 112 to peer 0x55b716e52150 (13 bytes)
1700148436.309683 sending message 112 to peer 0x55b716e52150 (12 bytes)
1700148436.309700 sending message 112 to peer 0x55b716e52150 (12 bytes)
1700148436.309716 sending message 112 to peer 0x55b716e52150 (12 bytes)
1700148436.309733 sending message 112 to peer 0x55b716e52150 (8 bytes)
1700148436.309748 sending message 112 to peer 0x55b716e52150 (12 bytes)
1700148436.309764 sending message 112 to peer 0x55b716e52150 (13 bytes)
1700148436.309780 sending message 112 to peer 0x55b716e52150 (13 bytes)
1700148436.309795 sending message 112 to peer 0x55b716e52150 (13 bytes)
1700148436.309812 sending message 112 to peer 0x55b716e52150 (13 bytes)
1700148436.309828 sending message 112 to peer 0x55b716e52150 (13 bytes)
1700148436.309844 sending message 112 to peer 0x55b716e52150 (13 bytes)
1700148436.309861 sending message 112 to peer 0x55b716e52150 (13 bytes)
1700148436.309878 sending message 112 to peer 0x55b716e52150 (13 bytes)
1700148436.309894 sending message 112 to peer 0x55b716e52150 (12 bytes)
1700148436.309911 sending message 112 to peer 0x55b716e52150 (10 bytes)
1700148436.309927 sending message 112 to peer 0x55b716e52150 (12 bytes)
1700148436.309944 sending message 112 to peer 0x55b716e52150 (12 bytes)
1700148436.309960 sending message 112 to peer 0x55b716e52150 (12 bytes)
1700148436.309977 sending message 112 to peer 0x55b716e52150 (13 bytes)
1700148436.309993 sending message 112 to peer 0x55b716e52150 (13 bytes)
1700148436.310009 sending message 112 to peer 0x55b716e52150 (13 bytes)
1700148436.310282 sending message 112 to peer 0x55b716e52150 (13 bytes)
1700148436.310311 sending message 112 to peer 0x55b716e52150 (13 bytes)
1700148436.310330 sending message 112 to peer 0x55b716e52150 (13 bytes)
1700148436.310348 sending message 112 to peer 0x55b716e52150 (13 bytes)
1700148436.310367 sending message 112 to peer 0x55b716e52150 (10 bytes)
1700148436.310385 sending message 112 to peer 0x55b716e52150 (13 bytes)
1700148436.310404 sending message 112 to peer 0x55b716e52150 (12 bytes)
1700148436.310423 sending message 112 to peer 0x55b716e52150 (12 bytes)
1700148436.310441 sending message 112 to peer 0x55b716e52150 (12 bytes)
1700148436.310459 sending message 112 to peer 0x55b716e52150 (10 bytes)
1700148436.310478 sending message 112 to peer 0x55b716e52150 (10 bytes)
1700148436.310497 sending message 112 to peer 0x55b716e52150 (10 bytes)
1700148436.310517 sending message 112 to peer 0x55b716e52150 (12 bytes)
1700148436.310535 sending message 112 to peer 0x55b716e52150 (11 bytes)
1700148436.310555 sending message 112 to peer 0x55b716e52150 (11 bytes)
1700148436.310574 sending message 112 to peer 0x55b716e52150 (11 bytes)
1700148436.310594 sending message 112 to peer 0x55b716e52150 (12 bytes)
1700148436.310614 sending message 112 to peer 0x55b716e52150 (12 bytes)
1700148436.310633 sending message 112 to peer 0x55b716e52150 (10 bytes)
1700148436.310653 sending message 112 to peer 0x55b716e52150 (9 bytes)
1700148436.310672 sending message 112 to peer 0x55b716e52150 (12 bytes)
1700148436.310690 sending message 112 to peer 0x55b716e52150 (9 bytes)
1700148436.310711 sending message 112 to peer 0x55b716e52150 (12 bytes)
1700148436.310733 sending message 112 to peer 0x55b716e52150 (11 bytes)
1700148436.310752 sending message 112 to peer 0x55b716e52150 (12 bytes)
1700148436.310774 sending message 112 to peer 0x55b716e52150 (21 bytes)
1700148436.310796 sending message 112 to peer 0x55b716e52150 (12 bytes)
1700148436.310816 sending message 112 to peer 0x55b716e52150 (9 bytes)
1700148436.310837 sending message 112 to peer 0x55b716e52150 (6 bytes)
1700148436.310856 sending message 112 to peer 0x55b716e52150 (13 bytes)
1700148436.310874 sending message 112 to peer 0x55b716e52150 (10 bytes)
1700148436.310892 sending message 112 to peer 0x55b716e52150 (15 bytes)
1700148436.310911 sending message 112 to peer 0x55b716e52150 (13 bytes)
1700148436.310929 sending message 112 to peer 0x55b716e52150 (9 bytes)
1700148436.310947 sending message 112 to peer 0x55b716e52150 (70 bytes)
1700148436.310965 sending message 112 to peer 0x55b716e52150 (69 bytes)
1700148436.310984 sending message 112 to peer 0x55b716e52150 (10 bytes)
1700148436.311002 sending message 112 to peer 0x55b716e52150 (10 bytes)
1700148436.311020 sending message 112 to peer 0x55b716e52150 (10 bytes)
1700148436.311180 sending message 112 to peer 0x55b716e52150 (15 bytes)
1700148436.311208 sending message 112 to peer 0x55b716e52150 (13 bytes)
1700148436.311227 sending message 112 to peer 0x55b716e52150 (10 bytes)
1700148436.311246 sending message 112 to peer 0x55b716e52150 (10 bytes)
1700148436.311264 sending message 112 to peer 0x55b716e52150 (10 bytes)
1700148436.311283 sending message 112 to peer 0x55b716e52150 (13 bytes)
1700148436.311301 sending message 112 to peer 0x55b716e52150 (5 bytes)
1700148436.311320 sending message 112 to peer 0x55b716e52150 (9 bytes)
1700148436.311338 sending message 112 to peer 0x55b716e52150 (15 bytes)
1700148436.311359 sending message 104 to peer 0x55b716e52150 (0 bytes)
1700148436.311379 sending message 110 to peer 0x55b716e52150 (0 bytes)
1700148436.311399 sending message 107 to peer 0x55b716e52150 (4 bytes)
1700148436.311418 sending message 105 to peer 0x55b716e52150 (16 bytes)
1700148436.311436 sending message 105 to peer 0x55b716e52150 (17 bytes)
1700148436.311454 sending message 105 to peer 0x55b716e52150 (40 bytes)
1700148436.311473 sending message 105 to peer 0x55b716e52150 (37 bytes)
1700148436.311490 sending message 105 to peer 0x55b716e52150 (14 bytes)
1700148436.311510 sending message 105 to peer 0x55b716e52150 (35 bytes)
1700148436.311544 sending message 105 to peer 0x55b716e52150 (13 bytes)
1700148436.311562 sending message 105 to peer 0x55b716e52150 (15 bytes)
1700148436.311580 sending message 105 to peer 0x55b716e52150 (17 bytes)
1700148436.311599 sending message 105 to peer 0x55b716e52150 (17 bytes)
1700148436.311618 sending message 105 to peer 0x55b716e52150 (1089 bytes)
1700148436.311686 sending message 105 to peer 0x55b716e52150 (17 bytes)
1700148436.311706 sending message 105 to peer 0x55b716e52150 (11 bytes)
1700148436.311724 sending message 105 to peer 0x55b716e52150 (11 bytes)
1700148436.311742 sending message 105 to peer 0x55b716e52150 (8 bytes)
1700148436.311760 sending message 105 to peer 0x55b716e52150 (41 bytes)
1700148436.311779 sending message 105 to peer 0x55b716e52150 (13 bytes)
1700148436.311797 sending message 105 to peer 0x55b716e52150 (66 bytes)
1700148436.311815 sending message 105 to peer 0x55b716e52150 (21 bytes)
1700148436.311833 sending message 105 to peer 0x55b716e52150 (16 bytes)
1700148436.311851 sending message 105 to peer 0x55b716e52150 (34 bytes)
1700148436.311868 sending message 106 to peer 0x55b716e52150 (0 bytes)
1700148436.312025 sending message 200 to peer 0x55b716e52150 (4 bytes)
1700148436.312175 client loop enter
1700148436.312224 client_signal: Child exited
1700148436.585854 peer 0x55b716e52150 message 207
1700148436.585880 sending message 208 to peer 0x55b716e52150 (0 bytes)
1700148440.958324 peer 0x55b716e52150 message 203
1700148440.958347 sending message 205 to peer 0x55b716e52150 (0 bytes)
1700148440.959584 peer 0x55b716e52150 message 204
1700148440.959613 client loop exit
