1700148430.205830 client started (9786): version 3.3a, socket /tmp/tmux-1000/default, protocol 8
1700148430.206081 on Linux 6.5.11_1 #1 SMP PREEMPT_DYNAMIC Fri Nov 10 16:34:34 UTC 2023
1700148430.206108 using libevent 2.1.12-stable (poll); ncurses 6.3
1700148430.206152 flags are 0x10010000
1700148430.206164 socket is /tmp/tmux-1000/default
1700148430.206185 trying connect
1700148430.206475 add peer 0x55b56e3ca1c0: 6 ((nil))
1700148430.207109 sending message 100 to peer 0x55b56e3ca1c0 (4 bytes)
1700148430.207129 sending message 111 to peer 0x55b56e3ca1c0 (8 bytes)
1700148430.207142 sending message 101 to peer 0x55b56e3ca1c0 (16 bytes)
1700148430.207157 sending message 109 to peer 0x55b56e3ca1c0 (4 bytes)
1700148430.207170 sending message 102 to peer 0x55b56e3ca1c0 (11 bytes)
1700148430.207186 sending message 108 to peer 0x55b56e3ca1c0 (33 bytes)
1700148430.207199 sending message 112 to peer 0x55b56e3ca1c0 (70 bytes)
1700148430.207214 sending message 112 to peer 0x55b56e3ca1c0 (5 bytes)
1700148430.207228 sending message 112 to peer 0x55b56e3ca1c0 (5 bytes)
1700148430.207240 sending message 112 to peer 0x55b56e3ca1c0 (6 bytes)
1700148430.207256 sending message 112 to peer 0x55b56e3ca1c0 (6 bytes)
1700148430.207269 sending message 112 to peer 0x55b56e3ca1c0 (11 bytes)
1700148430.207285 sending message 112 to peer 0x55b56e3ca1c0 (10 bytes)
1700148430.207298 sending message 112 to peer 0x55b56e3ca1c0 (13 bytes)
1700148430.207313 sending message 112 to peer 0x55b56e3ca1c0 (13 bytes)
1700148430.207326 sending message 112 to peer 0x55b56e3ca1c0 (18 bytes)
1700148430.207340 sending message 112 to peer 0x55b56e3ca1c0 (11 bytes)
1700148430.207355 sending message 112 to peer 0x55b56e3ca1c0 (21 bytes)
1700148430.207368 sending message 112 to peer 0x55b56e3ca1c0 (13 bytes)
1700148430.207383 sending message 112 to peer 0x55b56e3ca1c0 (7 bytes)
1700148430.207397 sending message 112 to peer 0x55b56e3ca1c0 (13 bytes)
1700148430.207412 sending message 112 to peer 0x55b56e3ca1c0 (7 bytes)
1700148430.207426 sending message 112 to peer 0x55b56e3ca1c0 (13 bytes)
1700148430.207439 sending message 112 to peer 0x55b56e3ca1c0 (9 bytes)
1700148430.207454 sending message 112 to peer 0x55b56e3ca1c0 (21 bytes)
1700148430.207467 sending message 112 to peer 0x55b56e3ca1c0 (13 bytes)
1700148430.207483 sending message 112 to peer 0x55b56e3ca1c0 (8 bytes)
1700148430.207496 sending message 112 to peer 0x55b56e3ca1c0 (12 bytes)
1700148430.207511 sending message 112 to peer 0x55b56e3ca1c0 (13 bytes)
1700148430.207525 sending message 112 to peer 0x55b56e3ca1c0 (9 bytes)
1700148430.207538 sending message 112 to peer 0x55b56e3ca1c0 (9 bytes)
1700148430.207553 sending message 112 to peer 0x55b56e3ca1c0 (12 bytes)
1700148430.207566 sending message 112 to peer 0x55b56e3ca1c0 (8 bytes)
1700148430.207582 sending message 112 to peer 0x55b56e3ca1c0 (7 bytes)
1700148430.207595 sending message 112 to peer 0x55b56e3ca1c0 (7 bytes)
1700148430.207610 sending message 112 to peer 0x55b56e3ca1c0 (9 bytes)
1700148430.207623 sending message 112 to peer 0x55b56e3ca1c0 (13 bytes)
1700148430.207636 sending message 112 to peer 0x55b56e3ca1c0 (9 bytes)
1700148430.207652 sending message 112 to peer 0x55b56e3ca1c0 (15 bytes)
1700148430.207749 sending message 112 to peer 0x55b56e3ca1c0 (13 bytes)
1700148430.207771 sending message 112 to peer 0x55b56e3ca1c0 (12 bytes)
1700148430.207786 sending message 112 to peer 0x55b56e3ca1c0 (8 bytes)
1700148430.207800 sending message 112 to peer 0x55b56e3ca1c0 (14 bytes)
1700148430.207824 sending message 112 to peer 0x55b56e3ca1c0 (9 bytes)
1700148430.207837 sending message 112 to peer 0x55b56e3ca1c0 (10 bytes)
1700148430.207850 sending message 112 to peer 0x55b56e3ca1c0 (10 bytes)
1700148430.207863 sending message 112 to peer 0x55b56e3ca1c0 (10 bytes)
1700148430.207876 sending message 112 to peer 0x55b56e3ca1c0 (10 bytes)
1700148430.207889 sending message 112 to peer 0x55b56e3ca1c0 (11 bytes)
1700148430.207902 sending message 112 to peer 0x55b56e3ca1c0 (10 bytes)
1700148430.207915 sending message 112 to peer 0x55b56e3ca1c0 (8 bytes)
1700148430.207928 sending message 112 to peer 0x55b56e3ca1c0 (11 bytes)
1700148430.207954 sending message 112 to peer 0x55b56e3ca1c0 (11 bytes)
1700148430.207967 sending message 112 to peer 0x55b56e3ca1c0 (11 bytes)
1700148430.207980 sending message 112 to peer 0x55b56e3ca1c0 (8 bytes)
1700148430.207993 sending message 112 to peer 0x55b56e3ca1c0 (8 bytes)
1700148430.208006 sending message 112 to peer 0x55b56e3ca1c0 (8 bytes)
1700148430.208019 sending message 112 to peer 0x55b56e3ca1c0 (10 bytes)
1700148430.208032 sending message 112 to peer 0x55b56e3ca1c0 (10 bytes)
1700148430.208045 sending message 112 to peer 0x55b56e3ca1c0 (10 bytes)
1700148430.208058 sending message 112 to peer 0x55b56e3ca1c0 (10 bytes)
1700148430.208071 sending message 112 to peer 0x55b56e3ca1c0 (10 bytes)
1700148430.208084 sending message 112 to peer 0x55b56e3ca1c0 (11 bytes)
1700148430.208097 sending message 112 to peer 0x55b56e3ca1c0 (11 bytes)
1700148430.208111 sending message 112 to peer 0x55b56e3ca1c0 (10 bytes)
1700148430.208124 sending message 112 to peer 0x55b56e3ca1c0 (9 bytes)
1700148430.208137 sending message 112 to peer 0x55b56e3ca1c0 (9 bytes)
1700148430.208150 sending message 112 to peer 0x55b56e3ca1c0 (12 bytes)
1700148430.208163 sending message 112 to peer 0x55b56e3ca1c0 (9 bytes)
1700148430.208176 sending message 112 to peer 0x55b56e3ca1c0 (6 bytes)
1700148430.208189 sending message 112 to peer 0x55b56e3ca1c0 (13 bytes)
1700148430.208202 sending message 112 to peer 0x55b56e3ca1c0 (8 bytes)
1700148430.208215 sending message 112 to peer 0x55b56e3ca1c0 (15 bytes)
1700148430.208228 sending message 112 to peer 0x55b56e3ca1c0 (13 bytes)
1700148430.208241 sending message 112 to peer 0x55b56e3ca1c0 (70 bytes)
1700148430.208254 sending message 112 to peer 0x55b56e3ca1c0 (69 bytes)
1700148430.208267 sending message 112 to peer 0x55b56e3ca1c0 (10 bytes)
1700148430.208280 sending message 112 to peer 0x55b56e3ca1c0 (8 bytes)
1700148430.208293 sending message 112 to peer 0x55b56e3ca1c0 (15 bytes)
1700148430.208306 sending message 112 to peer 0x55b56e3ca1c0 (13 bytes)
1700148430.208319 sending message 112 to peer 0x55b56e3ca1c0 (10 bytes)
1700148430.208332 sending message 112 to peer 0x55b56e3ca1c0 (10 bytes)
1700148430.208345 sending message 112 to peer 0x55b56e3ca1c0 (5 bytes)
1700148430.208358 sending message 112 to peer 0x55b56e3ca1c0 (15 bytes)
1700148430.208373 sending message 104 to peer 0x55b56e3ca1c0 (0 bytes)
1700148430.208387 sending message 110 to peer 0x55b56e3ca1c0 (0 bytes)
1700148430.208401 sending message 107 to peer 0x55b56e3ca1c0 (4 bytes)
1700148430.208414 sending message 105 to peer 0x55b56e3ca1c0 (16 bytes)
1700148430.208427 sending message 105 to peer 0x55b56e3ca1c0 (17 bytes)
1700148430.208440 sending message 105 to peer 0x55b56e3ca1c0 (26 bytes)
1700148430.208453 sending message 105 to peer 0x55b56e3ca1c0 (35 bytes)
1700148430.208466 sending message 105 to peer 0x55b56e3ca1c0 (40 bytes)
1700148430.208479 sending message 105 to peer 0x55b56e3ca1c0 (37 bytes)
1700148430.208492 sending message 105 to peer 0x55b56e3ca1c0 (14 bytes)
1700148430.208505 sending message 105 to peer 0x55b56e3ca1c0 (35 bytes)
1700148430.208518 sending message 105 to peer 0x55b56e3ca1c0 (13 bytes)
1700148430.208531 sending message 105 to peer 0x55b56e3ca1c0 (15 bytes)
1700148430.208544 sending message 105 to peer 0x55b56e3ca1c0 (17 bytes)
1700148430.208556 sending message 105 to peer 0x55b56e3ca1c0 (17 bytes)
1700148430.208570 sending message 105 to peer 0x55b56e3ca1c0 (1578 bytes)
1700148430.208608 sending message 105 to peer 0x55b56e3ca1c0 (21 bytes)
1700148430.208622 sending message 105 to peer 0x55b56e3ca1c0 (11 bytes)
1700148430.208666 sending message 105 to peer 0x55b56e3ca1c0 (13 bytes)
1700148430.208750 sending message 105 to peer 0x55b56e3ca1c0 (11 bytes)
1700148430.208768 sending message 105 to peer 0x55b56e3ca1c0 (8 bytes)
1700148430.208825 sending message 105 to peer 0x55b56e3ca1c0 (41 bytes)
1700148430.208839 sending message 105 to peer 0x55b56e3ca1c0 (13 bytes)
1700148430.208852 sending message 105 to peer 0x55b56e3ca1c0 (66 bytes)
1700148430.208865 sending message 105 to peer 0x55b56e3ca1c0 (21 bytes)
1700148430.208898 sending message 105 to peer 0x55b56e3ca1c0 (34 bytes)
1700148430.208911 sending message 105 to peer 0x55b56e3ca1c0 (18 bytes)
1700148430.208924 sending message 105 to peer 0x55b56e3ca1c0 (16 bytes)
1700148430.208937 sending message 106 to peer 0x55b56e3ca1c0 (0 bytes)
1700148430.209507 sending message 200 to peer 0x55b56e3ca1c0 (4 bytes)
1700148430.209522 client loop enter
1700148430.220217 peer 0x55b56e3ca1c0 message 303
1700148430.220246 open write file 2 -
1700148430.220270 sending message 305 to peer 0x55b56e3ca1c0 (8 bytes)
1700148430.220553 write check file 2
1700148430.220622 peer 0x55b56e3ca1c0 message 304
1700148430.220633 write 58 to file 2
1700148430.220653 peer 0x55b56e3ca1c0 message 203
1700148430.220663 file 2 58 bytes left
1700148430.220870 write check file 2
1700148430.220884 client loop exit
